The bot is started! 2012-12-07 12:04:36
2012-12-07 12:05:23 *** <djdanio612> joins this room.
2012-12-07 12:05:31 <djdanio612> Hi
2012-12-07 12:05:36 <djdanio612> help
2012-12-07 12:05:54 <djdanio612> jfds
The bot is started! 2012-12-07 12:26:32
2012-12-07 12:28:42 <djdanio612> None  
2012-12-07 12:28:55 <djdanio612> _laughs_  
2012-12-07 12:31:23 *** <bartosz.wojciech> joins this room.
The bot is started! 2012-12-07 12:31:25
2012-12-07 12:31:30 <bartosz.wojciech> Hi
2012-12-07 12:31:37 <bartosz.wojciech> None  
2012-12-07 12:31:50 <bartosz.wojciech> None  
2012-12-07 12:31:54 <bartosz.wojciech> None  
2012-12-07 12:31:57 <bartosz.wojciech> _jumps_  
2012-12-07 12:33:39 *** Quit: <bartosz.wojciech> 
2012-12-07 12:40:14 <djdanio612> _jumps_ dsadasdsad
The bot is started! 2012-12-07 12:49:58
The bot is started! 2012-12-07 12:50:06
The bot is started! 2012-12-07 12:50:17
The bot is started! 2012-12-07 12:50:29
The bot is started! 2012-12-07 12:53:00
The bot is started! 2012-12-07 12:53:08
The bot is started! 2012-12-07 12:53:42
The bot is started! 2012-12-07 12:54:51
The bot is started! 2012-12-07 12:55:56
The bot is started! 2012-12-07 12:56:38
The bot is started! 2012-12-07 12:58:04
The bot is started! 2012-12-07 13:00:55
2012-12-07 13:02:07 *** <sylwek.ksiazek> joins this room.
2012-12-07 13:02:16 <sylwek.ksiazek> SIEMCIA
2012-12-07 13:02:23 <sylwek.ksiazek> LKHGFa
2012-12-07 13:02:24 <sylwek.ksiazek> asd
2012-12-07 13:02:24 <sylwek.ksiazek> fads
2012-12-07 13:02:24 <sylwek.ksiazek> fasdf
2012-12-07 13:02:25 <sylwek.ksiazek> h
2012-12-07 13:02:25 <sylwek.ksiazek> adf
2012-12-07 13:02:34 <sylwek.ksiazek> help
2012-12-07 13:32:12 *** <lordbioly> joins this room.
The bot is started! 2012-12-07 13:35:36
2012-12-07 13:35:56 *** <bartosz.wojciech> joins this room.
2012-12-07 13:36:13 <lordbioly> siema
2012-12-07 13:36:19 <bartosz.wojciech> czesc
2012-12-07 13:36:46 <bartosz.wojciech> sadasdsa
The bot is started! 2012-12-07 13:39:36
The bot is started! 2012-12-07 13:45:05
The bot is started! 2012-12-07 13:46:44
The bot is started! 2012-12-07 13:47:16
The bot is started! 2012-12-07 13:47:45
The bot is started! 2012-12-07 13:52:51
2012-12-07 13:53:13 <bartosz.wojciech> hej
2012-12-07 13:53:21 <bartosz.wojciech> hej !!!!
2012-12-07 13:53:22 <bartosz.wojciech> !!!!!
2012-12-07 13:53:25 <bartosz.wojciech> cześć
2012-12-07 13:53:27 <bartosz.wojciech> Ja jestem Michał
2012-12-07 13:53:28 <lordbioly> dasdasdasda
The bot is started! 2012-12-07 13:53:53
2012-12-07 13:54:02 <sylwek.ksiazek> skoncz gupku
The bot is started! 2012-12-07 13:54:23
2012-12-07 13:54:30 <lordbioly> plan 1
The bot is started! 2012-12-07 13:55:02
The bot is started! 2012-12-07 13:56:17
2012-12-07 13:57:50 *** Banned: <sylwek.ksiazek>
The bot is started! 2012-12-07 13:58:37
2012-12-07 14:01:59 <lordbioly> ahahahahahhaha
2012-12-07 14:02:16 <lordbioly> ./ban sylwek.ksiazek : <
2012-12-07 14:02:16 <sylwek.ksiazek> :)
2012-12-07 14:02:36 *** Banned: <sylwek.ksiazek : <>
2012-12-07 14:02:37 <sylwek.ksiazek> :):):):)
2012-12-07 14:02:47 <sylwek.ksiazek> :)
2012-12-07 14:02:49 <sylwek.ksiazek> :)
