The bot is started! 2012-12-14 12:27:31
The bot is started! 2012-12-14 12:27:32
The bot is started! 2012-12-14 12:27:33
The bot is started! 2012-12-14 12:27:34
The bot is started! 2012-12-14 12:27:35
The bot is started! 2012-12-14 12:27:36
The bot is started! 2012-12-14 12:27:37
The bot is started! 2012-12-14 12:27:38
The bot is started! 2012-12-14 12:27:40
The bot is started! 2012-12-14 12:27:41
The bot is started! 2012-12-14 12:27:42
The bot is started! 2012-12-14 12:27:45
The bot is started! 2012-12-14 12:27:48
2012-12-14 12:27:50 <aroaro1993> siema
2012-12-14 12:27:52 <aroaro1993> fajnie
The bot is started! 2012-12-14 12:28:25
2012-12-14 12:30:50 <aroaro1993> ok
The bot is started! 2012-12-14 12:34:23
2012-12-14 12:34:32 <aroaro1993> bot co tam?
2012-12-14 12:34:38 <aroaro1993> /bot co tam?
2012-12-14 12:34:39 <aroaro1993> co tam?
2012-12-14 12:34:42 <aroaro1993> help
2012-12-14 12:34:43 <aroaro1993> /help
The bot is started! 2012-12-14 12:34:56
The bot is started! 2012-12-14 13:28:38
The bot is started! 2012-12-14 13:33:31
2012-12-14 13:39:16 <lordbioly> asdas
2012-12-14 13:39:17 <lordbioly> das
2012-12-14 13:39:17 <lordbioly> d
2012-12-14 13:39:17 <lordbioly> d
2012-12-14 13:39:18 <lordbioly> sda
2012-12-14 13:39:18 <lordbioly> asd
2012-12-14 13:39:19 <lordbioly> as
2012-12-14 13:39:19 <lordbioly> dsa
2012-12-14 13:39:19 <lordbioly> ads
2012-12-14 13:39:19 <lordbioly> das
2012-12-14 13:39:19 <lordbioly> sad
2012-12-14 13:39:21 <lordbioly> asd
2012-12-14 13:39:21 <lordbioly> ads
2012-12-14 13:39:21 <lordbioly> das
2012-12-14 13:39:21 <lordbioly> ads
2012-12-14 13:39:21 <lordbioly> das
2012-12-14 13:39:21 <lordbioly> ad
2012-12-14 13:39:21 <lordbioly> das
2012-12-14 13:39:22 <lordbioly> ads
The bot is started! 2012-12-14 13:47:06
2012-12-14 13:47:27 <lordbioly> a
2012-12-14 13:47:27 <lordbioly> a
2012-12-14 13:47:27 <lordbioly> a
2012-12-14 13:47:27 <lordbioly> a
2012-12-14 13:47:27 <lordbioly> a
2012-12-14 13:47:29 <lordbioly> a
2012-12-14 13:47:29 <lordbioly> a
2012-12-14 13:47:29 <lordbioly> a
2012-12-14 13:47:29 <lordbioly> a
2012-12-14 13:47:29 <lordbioly> a
2012-12-14 13:47:29 <lordbioly> a
2012-12-14 13:47:29 <lordbioly> a
2012-12-14 13:47:30 <lordbioly> a
2012-12-14 13:47:31 <lordbioly> a
2012-12-14 13:47:31 <lordbioly> a
2012-12-14 13:47:31 <lordbioly> a
2012-12-14 13:47:31 <lordbioly> a
2012-12-14 13:47:31 <lordbioly> a
2012-12-14 13:47:31 <lordbioly> a
2012-12-14 13:48:19 <lordbioly> a
The bot is started! 2012-12-14 13:53:43
