The bot is started! 2012-12-10 11:38:30
2012-12-10 11:38:30 *** <aroaro1993> joins this room.
2012-12-10 11:38:47 <aroaro1993> hej
2012-12-10 11:38:48 <aroaro1993> co tam?
2012-12-10 11:38:53 <aroaro1993> fajne
2012-12-10 11:38:53 <aroaro1993> :D
2012-12-10 11:40:03 <aroaro1993> nie ;c
2012-12-10 11:41:35 <aroaro1993> johny ty dupo ; /
2012-12-10 11:44:45 <aroaro1993> 1. Każda grupka ma mieć "prject menager leadera", ktory stworzy dokument w google docs, udostępni go p. Wyrobkowi. W dokumencie ma byc zapisana nazwa projektu, plan, kto jest za co odpowiedzialny, ile to zajmie czasu, jak ma wyglądać etc.
2012-12-10 11:45:01 <lordbioly> aha
2012-12-10 11:45:09 <lordbioly> takie buty
2012-12-10 11:45:20 <lordbioly> bot moze bocic
2012-12-10 11:45:51 <aroaro1993> ma wyswietlac pogode jeszcze.
2012-12-10 11:46:11 <aroaro1993> z ładną pogodynką np. Pauliną Sykut - Jeżyną.
2012-12-10 11:46:31 <lordbioly> co ?
2012-12-10 11:46:31 <aroaro1993> docelowo chcemy mieć odczytany ze strony plan.
2012-12-10 11:46:45 <aroaro1993> ja chcę, żeby mój bot był pogodynką, ładną.
2012-12-10 11:46:50 <lordbioly> ze strony to se rob
2012-12-10 11:47:05 <lordbioly> my momy z pliku
2012-12-10 11:47:31 *** Reconnecting ...
The bot is started! 2012-12-10 11:47:32
2012-12-10 11:47:37 <aroaro1993> plan tez musi byc ze strony
2012-12-10 11:48:22 *** Booted: <aroaro1993>
2012-12-10 11:49:07 <aroaro1993> no hej
2012-12-10 11:52:00 *** Banned: <sylwester.ksiazek>
The bot is started! 2012-12-10 12:04:32
The bot is started! 2012-12-10 12:04:33
The bot is started! 2012-12-10 12:04:34
2012-12-10 12:12:42 <lordbioly> czesc
2012-12-10 12:12:53 <michal93.14> elo ;D co to za ac
2012-12-10 12:12:55 <michal93.14> ide do was ;P
2012-12-10 12:12:56 <michal93.14> z/w
2012-12-10 12:23:50 <lordbioly> elo
2012-12-10 12:23:56 <aroaro1993> no hej
2012-12-10 12:24:30 <michal93.14> i co , co
2012-12-10 12:24:35 <lordbioly> nie ty tylko osa
2012-12-10 12:24:40 <aroaro1993> ok
2012-12-10 12:24:40 <lordbioly> no co tam
2012-12-10 12:24:41 <aroaro1993> no hej
2012-12-10 12:25:03 <lordbioly> idziemy na uldu 25 heroic?
2012-12-10 12:25:29 <michal93.14> pisza
2012-12-10 12:25:31 <michal93.14> i nic
2012-12-10 12:25:43 <lordbioly> jak nic jest "/help"
2012-12-10 12:25:58 <lordbioly> bo nie jestes w bocie chyba
2012-12-10 12:26:07 <lordbioly> nie widza co piszesz na bocie tylko do niue piszesz
2012-12-10 12:26:46 <lordbioly> jeste?
2012-12-10 12:26:49 <lordbioly> ??????
2012-12-10 12:27:01 <aroaro1993> nie
2012-12-10 12:28:56 <michal93.14> chyba ze teraz
2012-12-10 12:28:59 <michal93.14> na widoku musze byc
2012-12-10 12:29:04 <lordbioly> ahahahahah
2012-12-10 12:29:06 <lordbioly> co za
2012-12-10 12:29:08 <lordbioly> -.-
2012-12-10 12:29:10 <michal93.14> :D
2012-12-10 12:29:15 <aroaro1993> wtf?
2012-12-10 12:29:18 <lordbioly> faja
2012-12-10 12:29:35 <aroaro1993> Osa znasz Paulinę Sykut - Jeżynę?
2012-12-10 12:29:42 <michal93.14> a co
2012-12-10 12:29:49 <aroaro1993> nie znasz.
2012-12-10 12:29:53 <michal93.14> ale chyba nie
2012-12-10 12:29:55 <michal93.14> kto to /
2012-12-10 12:30:01 <aroaro1993> trudno
2012-12-10 12:30:18 <lordbioly> a sucha znosz
2012-12-10 12:30:29 <michal93.14> a kto to ?
2012-12-10 12:30:34 <michal93.14> sucha beskidzka?
2012-12-10 12:30:36 <michal93.14> to tak
The bot is started! 2012-12-10 12:47:49
The bot is started! 2012-12-10 12:53:07
2012-12-10 12:53:07 <aroaro1993> time
2012-12-10 12:53:38 <bartosz.wojciech> robicie co?
2012-12-10 12:53:48 <lordbioly> odejdz
The bot is started! 2012-12-10 12:54:04
The bot is started! 2012-12-10 12:54:05
The bot is started! 2012-12-10 12:54:07
The bot is started! 2012-12-10 12:54:08
The bot is started! 2012-12-10 12:54:05
The bot is started! 2012-12-10 12:54:06
The bot is started! 2012-12-10 12:54:07
The bot is started! 2012-12-10 12:54:08
The bot is started! 2012-12-10 12:54:14
2012-12-10 12:54:27 <aroaro1993> time
2012-12-10 12:58:48 <aroaro1993> time
The bot is started! 2012-12-10 12:59:02
2012-12-10 12:59:06 <aroaro1993> time
2012-12-10 12:59:27 <aroaro1993> plan 1
The bot is started! 2012-12-10 13:00:44
The bot is started! 2012-12-10 13:02:29
2012-12-10 13:02:35 <aroaro1993> time
2012-12-10 13:28:26 <bartosz.wojciech> time
2012-12-10 13:28:29 <bartosz.wojciech> dzialo to?
2012-12-10 13:28:54 <lordbioly> ja prawie
2012-12-10 13:29:20 <lordbioly> slepy chodz tu fajo
2012-12-10 13:29:25 <lordbioly> jest problemos
2012-12-10 13:29:36 <bartosz.wojciech> ssij
2012-12-10 13:29:36 <lordbioly> ty slepy gluchy jestes ??
2012-12-10 13:29:49 <lordbioly> ciekawe co
The bot is started! 2012-12-10 13:30:41
2012-12-10 13:30:41 <aroaro1993> time
2012-12-10 13:30:43 <aroaro1993> time
2012-12-10 13:32:31 <michal93.14> piszecie cos ciekawego
The bot is started! 2012-12-10 13:32:49
2012-12-10 13:33:03 <lordbioly> co
The bot is started! 2012-12-10 13:34:07
The bot is started! 2012-12-10 13:34:26
The bot is started! 2012-12-10 13:38:52
The bot is started! 2012-12-10 13:39:45
2012-12-10 13:40:14 <michal93.14> co robicie ciekawego na specjalizacja
2012-12-10 13:40:24 <aroaro1993> bota
The bot is started! 2012-12-10 13:43:19
2012-12-10 13:44:24 <lordbioly> spierdalaj
2012-12-10 13:44:45 <lordbioly> a
2012-12-10 13:44:45 <lordbioly> a
2012-12-10 13:44:45 <lordbioly> a
2012-12-10 13:44:45 <lordbioly> a
2012-12-10 13:44:45 <lordbioly> a
2012-12-10 13:44:45 <lordbioly> a
2012-12-10 13:44:45 <lordbioly> a
2012-12-10 13:44:46 <lordbioly> a
2012-12-10 13:44:46 <lordbioly> a
2012-12-10 13:44:46 <lordbioly> a
2012-12-10 13:44:46 <lordbioly> a
2012-12-10 13:44:46 <lordbioly> a
2012-12-10 13:44:47 <lordbioly> a
2012-12-10 13:44:47 <lordbioly> a
2012-12-10 13:44:47 <lordbioly> aa
2012-12-10 13:44:47 <lordbioly> a
2012-12-10 13:44:48 <lordbioly> a
2012-12-10 13:44:48 <lordbioly> aaa
2012-12-10 13:44:50 <lordbioly> a
2012-12-10 13:44:51 <lordbioly> a
2012-12-10 13:44:51 <lordbioly> a
2012-12-10 13:44:51 <lordbioly> a
2012-12-10 13:44:51 <lordbioly> a
2012-12-10 13:44:51 <lordbioly> a
2012-12-10 13:44:52 <lordbioly> a
2012-12-10 13:44:52 <lordbioly> a
2012-12-10 13:44:52 <lordbioly> aa
2012-12-10 13:44:54 <lordbioly> a
The bot is started! 2012-12-10 13:49:11
The bot is started! 2012-12-10 13:50:44
2012-12-10 13:55:13 <aroaro1993> napisz cos
The bot is started! 2012-12-10 13:55:47
The bot is started! 2012-12-10 13:56:53
The bot is started! 2012-12-10 13:57:58
2012-12-10 13:58:16 <lordbioly> Czesc Bot
2012-12-10 14:05:03 *** Banned: <sylwek.ksiazek>
