The bot is started! 2012-12-09 00:47:34
2012-12-09 00:47:55 <bartosz.wojciech> czesc
The bot is started! 2012-12-09 00:49:27
The bot is started! 2012-12-09 00:49:32
The bot is started! 2012-12-09 00:49:37
The bot is started! 2012-12-09 00:49:43
The bot is started! 2012-12-09 00:49:59
The bot is started! 2012-12-09 00:50:39
2012-12-09 00:51:42 <bartosz.wojciech> plan 3
The bot is started! 2012-12-09 00:53:18
The bot is started! 2012-12-09 00:54:55
The bot is started! 2012-12-09 00:55:42
The bot is started! 2012-12-09 00:58:47
The bot is started! 2012-12-09 00:59:53
The bot is started! 2012-12-09 01:03:45
The bot is started! 2012-12-09 01:07:33
The bot is started! 2012-12-09 01:08:31
The bot is started! 2012-12-09 01:08:41
The bot is started! 2012-12-09 01:08:58
The bot is started! 2012-12-09 01:18:58
The bot is started! 2012-12-09 01:16:49
The bot is started! 2012-12-09 01:18:58
The bot is started! 2012-12-09 01:18:59
2012-12-09 01:55:33 <bartosz.wojciech> jadkjdklasjd
2012-12-09 01:55:34 <bartosz.wojciech> asdjkasljdlasjd
2012-12-09 01:55:35 <bartosz.wojciech> askjgkdfgjsdkfasd
2012-12-09 01:55:35 <bartosz.wojciech> fkfsdjf
2012-12-09 01:55:36 <bartosz.wojciech> sdfj
The bot is started! 2012-12-09 15:57:54
